<?xml version="1.0" encoding="UTF-8"?>
<!-- Generated by org.testng.reporters.JUnitReportReporter -->
<testsuite hostname="imonkar" failures="0" tests="4" name="runner.TestngRunner" time="45.168" errors="0" timestamp="2024-01-20T12:40:07 IST" skipped="0">
  <testcase classname="runner.TestngRunner" name="runScenario" time="10.255"/>
  <system-out/>
  <testcase classname="runner.TestngRunner" name="runScenario" time="10.517"/>
  <system-out/>
  <testcase classname="runner.TestngRunner" name="runScenario" time="10.432"/>
  <system-out/>
  <testcase classname="runner.TestngRunner" name="runScenario" time="13.964"/>
  <system-out/>
</testsuite> <!-- runner.TestngRunner -->
